Cleared contents of database.json
Cleared contents of zkdatabase.json
2024/05/30 21:31:09 Serving RPC server on port 1234
Client registered successfully  0
Client registered successfully  1
Client registered successfully  2
Client registered successfully  3
Client registered successfully  4
Client registered successfully  5
Client registered successfully  6
Client registered successfully  7
Client registered successfully  8
Client registered successfully  9
p:  2034
Found the group and subgroup primes.
Client reported successfully  2
Client secrete shared successfully  2
Client reported successfully  4
Client secrete shared successfully  4
Client reported successfully  3
Client secrete shared successfully  3
Client reported successfully  5
Client secrete shared successfully  5
Client reported successfully  8
Client secrete shared successfully  8
Client reported successfully  6
Client secrete shared successfully  6
Client reported successfully  7
Client secrete shared successfully  7
Client reported successfully  1
Client secrete shared successfully  1
Client reported successfully  0
Client secrete shared successfully  0
Client reported successfully  9
Client secrete shared successfully  9
state changed to shuffle
Client acquired the lock 3
ZK Proof for encryption is verified for client  3
First Test PASSED!!!!!!!!!Sum of fs is equal to sum of ts
Second Test PASSED!!!!!!!!!
Third Test concerning the cyphertext shuffling PASSED!!!!!!!!!
found this guys id  3
Fourth Test PASSED!!!!!!!!!
Fifth Test PASSED!!!!!!!!!
client released the lock 3
client shuffled successfully 3
Client acquired the lock 5
ZK Proof for encryption is verified for client  5
First Test PASSED!!!!!!!!!Sum of fs is equal to sum of ts
Second Test PASSED!!!!!!!!!
Third Test concerning the cyphertext shuffling PASSED!!!!!!!!!
found this guys id  5
Fourth Test PASSED!!!!!!!!!
Fifth Test PASSED!!!!!!!!!
client released the lock 5
client shuffled successfully 5
Client acquired the lock 2
ZK Proof for encryption is verified for client  2
First Test PASSED!!!!!!!!!Sum of fs is equal to sum of ts
Second Test PASSED!!!!!!!!!
Third Test concerning the cyphertext shuffling PASSED!!!!!!!!!
found this guys id  2
Fourth Test PASSED!!!!!!!!!
Fifth Test PASSED!!!!!!!!!
client released the lock 2
client shuffled successfully 2
Client acquired the lock 4
ZK Proof for encryption is verified for client  4
First Test PASSED!!!!!!!!!Sum of fs is equal to sum of ts
Second Test PASSED!!!!!!!!!
Third Test concerning the cyphertext shuffling PASSED!!!!!!!!!
found this guys id  4
Fourth Test PASSED!!!!!!!!!
Fifth Test PASSED!!!!!!!!!
client released the lock 4
client shuffled successfully 4
Client acquired the lock 8
ZK Proof for encryption is verified for client  8
First Test PASSED!!!!!!!!!Sum of fs is equal to sum of ts
Second Test PASSED!!!!!!!!!
Third Test concerning the cyphertext shuffling PASSED!!!!!!!!!
found this guys id  8
Fourth Test PASSED!!!!!!!!!
Fifth Test PASSED!!!!!!!!!
client released the lock 8
client shuffled successfully 8
Client acquired the lock 6
ZK Proof for encryption is verified for client  6
First Test PASSED!!!!!!!!!Sum of fs is equal to sum of ts
Second Test PASSED!!!!!!!!!
Third Test concerning the cyphertext shuffling PASSED!!!!!!!!!
found this guys id  6
Fourth Test PASSED!!!!!!!!!
Fifth Test PASSED!!!!!!!!!
client released the lock 6
client shuffled successfully 6
Client acquired the lock 1
ZK Proof for encryption is verified for client  1
First Test PASSED!!!!!!!!!Sum of fs is equal to sum of ts
Second Test PASSED!!!!!!!!!
Third Test concerning the cyphertext shuffling PASSED!!!!!!!!!
found this guys id  1
Fourth Test PASSED!!!!!!!!!
Fifth Test PASSED!!!!!!!!!
client released the lock 1
client shuffled successfully 1
Client acquired the lock 0
ZK Proof for encryption is verified for client  0
First Test PASSED!!!!!!!!!Sum of fs is equal to sum of ts
Second Test PASSED!!!!!!!!!
Third Test concerning the cyphertext shuffling PASSED!!!!!!!!!
found this guys id  0
Fourth Test PASSED!!!!!!!!!
Fifth Test PASSED!!!!!!!!!
client released the lock 0
client shuffled successfully 0
Client acquired the lock 9
ZK Proof for encryption is verified for client  9
First Test PASSED!!!!!!!!!Sum of fs is equal to sum of ts
Second Test PASSED!!!!!!!!!
Third Test concerning the cyphertext shuffling PASSED!!!!!!!!!
found this guys id  9
Fourth Test PASSED!!!!!!!!!
Fifth Test PASSED!!!!!!!!!
client released the lock 9
client shuffled successfully 9
Client acquired the lock 7
ZK Proof for encryption is verified for client  7
First Test PASSED!!!!!!!!!Sum of fs is equal to sum of ts
Second Test PASSED!!!!!!!!!
Third Test concerning the cyphertext shuffling PASSED!!!!!!!!!
found this guys id  7
Fourth Test PASSED!!!!!!!!!
Fifth Test PASSED!!!!!!!!!
client released the lock 7
client shuffled successfully 7
Fault Tolerant Kicking in
[84 26 104 100 126 244 137 139 18 99 205 127 1 91 227 195 118 73 152 114 25 165 36 168 27 45 130 38 146 107 192 160 39 158 62 183 212 170 135 12 62 83 97 56 97 131 19 221 49 65 138 58 243 102 204 29 221 91 71 85 201 189 161 13 129 152 179 85 77 128 75 69 124 173 235 2 121 207 85 29 93 231 99 217 30 49 152 100 91 251 74 17 137 215 197 157 200 232 154 92 142 3 12 54 216 128 167 19 97 51 89 127 244 248 24 166 219 226 222 208 206 131 116 4 120 243 132 193 164 220 132 172 198 249 188 32 17 69 120 31 86 31 238 191 25 200 23 172 154 62 126 223 5 208 134 10 246 15 2 238 114 166 205 91 36 84 245 2 116 25 108 122 253 99 227 237 62 6 196 152 24 78 78 18 159 115 36 134 141 234 52 202 33 130 246 184 214 112 226 118 210 161 120 55 183 163 27 100 65 178 182 213 68 17 97 99 231 103 49 218 189 131 28 100 239 210 89 197 221 18 208 18 62 242 165 111 83 54 174 214 16 69 143 237 80 76 30 239 125 97 188 107 170 72 133 14]
[136 49 227 253 194 32 54 94 189 106 126 65 255 118 149 9 19 196 185 1 115 89 55 183 203 72 141 193 48 238 140 210 16 200 100 112 156 195 231 36 94 175 37 62 254 138 132 54 24 155 41 94 75 130 90 112 77 172 163 146 148 122 18 161 52 230 133 156 244 44 213 57 43 32 175 19 207 205 11 13 233 4 200 142 136 121 56 238 61 250 162 113 6 217 21 117 123 84 246 103 144 92 97 96 73 65 72 25 55 55 140 121 205 98 44 198 114 171 135 208 234 225 130 15 216 192 136 95 167 156 110 184 211 200 166 52 234 128 170 217 43 121 74 83 19 135 209 86 228 15 81 236 52 250 199 166 184 224 59 244 67 93 58 169 214 102 74 220 17 57 118 229 225 14 25 169 172 232 32 81 10 165 90 65 213 105 83 20 133 178 165 128 121 21 28 3 32 141 157 80 198 63 159 39 177 92 211 176 117 20 129 31 158 1 194 228 214 45 86 139 246 80 104 95 62 166 203 4 93 64 135 96 112 169 68 45 159 15 231 139 108 49 21 148 113 209 215 59 104 1 250 151 15 223 57 7]
[161 134 188 172 234 199 199 254 228 4 35 23 186 239 39 46 236 208 134 166 183 179 249 91 45 231 121 39 43 239 86 138 90 71 25 181 143 227 40 56 3 88 99 114 246 74 77 98 250 185 44 7 63 224 174 144 56 216 142 165 8 226 17 128 64 110 23 80 202 236 74 44 27 128 55 161 100 163 38 100 62 79 158 210 160 242 251 85 172 45 153 62 77 0 66 85 117 27 5 10 169 37 176 52 37 90 144 166 8 129 38 191 116 219 236 60 18 85 105 131 228 169 210 81 153 238 161 230 194 253 191 219 202 176 124 121 116 131 241 128 240 230 74 42 197 117 91 28 210 47 245 241 155 22 91 22 97 81 198 28 20 101 206 192 93 24 241 237 120 222 36 129 38 87 44 206 222 152 41 139 134 178 149 132 235 27 235 132 210 168 83 105 223 174 33 98 76 169 190 207 9 92 29 100 98 184 208 40 32 216 249 208 137 20 178 157 168 129 203 150 238 72 197 139 27 132 41 195 144 194 177 221 158 209 200 93 178 124 230 140 254 185 176 123 173 244 196 52 104 229 163 78 36 41 172 242]
[76 36 136 108 19 61 234 110 250 228 53 72 170 207 97 232 172 102 250 132 126 131 70 203 40 35 54 221 91 209 27 80 168 97 128 136 41 69 139 133 116 160 175 203 52 165 97 223 173 120 159 112 38 224 133 95 21 30 150 26 96 131 34 120 24 132 214 203 213 52 10 119 195 101 98 210 140 77 0 98 253 143 48 207 205 79 82 230 105 166 175 80 49 1 198 15 94 216 121 61 226 165 152 136 75 196 75 101 199 104 41 23 143 180 199 250 245 249 249 167 225 95 103 76 239 177 30 78 195 17 142 84 255 122 84 76 24 239 73 222 222 48 136 252 65 161 134 99 228 150 156 142 88 193 241 192 94 179 154 28 79 191 187 126 71 9 78 190 102 198 138 9 235 178 204 125 148 217 48 245 140 62 135 97 111 146 238 226 28 221 92 147 55 67 241 125 58 191 244 124 19 173 27 84 64 168 63 76 167 187 40 196 205 97 218 126 118 20 110 104 165 74 159 44 17 94 77 65 207 52 23 55 193 16 230 95 53 120 202 7 67 139 103 186 123 163 53 24 245 102 94 203 83 110 52 234]
[153 188 130 211 38 17 71 240 53 236 170 192 238 210 116 76 14 93 144 141 144 61 78 64 112 211 245 231 114 133 32 197 240 88 167 197 204 15 2 82 240 255 56 44 190 229 159 69 1 62 231 226 40 172 211 14 251 229 82 64 210 16 224 50 70 229 158 56 54 187 31 98 21 21 241 63 228 175 244 128 179 30 250 248 70 54 202 107 172 15 78 176 49 166 120 226 9 214 65 244 27 117 200 147 240 72 83 205 68 87 64 68 227 170 35 29 200 146 129 185 167 139 13 72 112 129 252 89 123 185 220 105 45 46 210 182 87 246 123 33 76 229 211 132 118 7 110 67 187 87 229 133 175 255 228 180 83 132 148 113 195 152 1 61 65 74 245 120 46 59 75 48 1 114 69 31 216 120 127 62 60 220 52 38 211 81 103 192 175 79 190 247 219 223 52 92 79 79 131 71 226 122 191 109 247 217 254 20 145 60 93 217 122 188 177 252 227 73 93 212 192 167 148 124 134 20 61 193 225 190 20 97 79 57 78 226 210 75 242 109 173 191 189 36 188 164 69 145 221 178 59 71 110 173 174 239]
[197 115 50 147 236 115 29 126 144 91 94 84 239 200 222 70 176 53 218 75 35 60 244 241 211 208 93 239 90 78 114 129 243 108 134 209 65 64 245 214 250 35 88 104 111 109 12 190 25 119 248 131 36 23 251 179 149 2 247 77 229 178 19 247 69 236 218 20 155 114 205 111 128 69 254 10 147 85 196 226 116 238 148 29 56 109 107 193 37 154 231 125 243 83 232 176 59 156 108 45 214 101 10 170 16 199 243 185 101 226 254 206 185 45 249 181 141 58 7 108 116 154 37 105 215 17 89 83 242 5 146 41 99 205 52 107 92 68 58 228 96 37 121 102 127 179 103 138 26 54 213 150 16 176 155 233 11 20 95 220 146 4 109 233 46 136 87 129 140 47 174 247 187 183 218 76 188 55 28 188 152 135 46 1 221 102 134 235 22 155 163 143 194 23 166 50 150 94 250 32 121 144 176 152 221 232 147 120 228 60 106 94 80 91 215 179 173 203 201 109 85 89 111 58 140 184 230 99 133 206 120 183 128 251 130 64 109 119 1 36 98 134 94 103 142 204 71 120 36 3 10 96 150 186 106 53]
[141 186 210 8 40 60 87 112 203 56 42 40 62 8 212 196 169 193 9 248 116 124 1 93 100 8 229 155 79 7 130 239 39 106 230 65 159 185 30 54 58 22 136 41 241 44 217 27 38 11 134 201 41 62 223 169 225 78 196 199 127 17 150 100 73 1 129 220 137 24 255 161 104 112 139 170 23 153 80 17 118 185 190 203 231 156 0 75 209 170 96 168 101 124 14 64 194 78 90 85 85 231 163 57 147 27 165 118 231 22 162 71 202 42 165 82 83 163 52 67 111 72 78 125 217 88 57 21 202 253 158 65 237 109 126 89 61 225 126 175 69 232 61 144 25 17 214 139 195 98 92 165 242 179 136 16 239 182 103 76 69 234 229 10 93 75 53 251 78 11 33 248 150 72 76 199 170 170 36 234 7 105 227 57 142 25 109 21 106 189 189 113 74 252 92 216 47 178 26 105 218 223 127 212 99 221 161 215 57 32 33 229 21 254 229 121 218 131 92 139 170 233 66 140 23 75 82 176 38 9 125 231 152 80 120 26 88 49 157 151 151 58 143 94 98 209 24 186 92 213 44 225 235 20 209 110]
[35 154 132 183 197 34 182 72 234 181 109 103 3 5 252 255 152 101 178 133 63 119 121 66 222 22 49 87 201 156 33 45 37 230 249 189 218 247 127 122 3 243 83 100 182 83 54 137 195 121 18 23 88 206 74 156 228 181 36 99 105 43 61 127 66 47 201 43 129 21 169 206 64 16 137 170 159 132 46 49 69 152 96 41 121 154 62 0 155 46 77 85 160 124 171 49 84 80 181 145 179 137 53 242 174 137 14 154 150 224 180 84 180 248 250 219 160 32 197 240 63 131 253 164 61 18 221 239 113 132 42 206 68 225 128 70 17 130 56 207 250 18 10 220 86 135 241 199 226 89 170 52 41 95 63 72 166 1 172 229 154 210 165 248 114 143 63 24 178 167 228 158 123 203 210 15 25 89 168 44 207 253 64 9 241 222 151 187 58 188 180 76 234 125 26 106 170 144 58 40 131 245 79 247 239 185 34 210 154 29 1 200 224 5 225 88 207 2 223 131 215 223 78 78 62 45 215 131 23 42 171 116 129 22 62 226 192 237 57 113 50 250 14 94 224 157 63 92 224 108 6 62 158 19 174 201]
[30 32 214 237 175 147 63 159 15 136 179 4 104 125 248 248 239 113 217 108 143 68 134 186 246 3 101 118 204 196 175 129 77 107 86 88 65 249 116 164 111 110 211 167 32 227 133 121 175 136 136 241 254 27 82 216 52 220 107 145 11 94 117 196 117 145 110 152 189 107 198 8 26 12 89 208 25 239 15 68 92 171 73 70 100 119 3 186 121 166 82 202 94 243 161 10 236 6 80 1 250 114 188 227 124 98 50 179 96 4 207 69 109 156 135 94 148 159 23 220 89 130 53 179 103 15 215 71 149 16 193 249 61 78 147 238 240 110 239 219 181 238 216 66 243 197 196 94 62 57 105 81 246 90 223 33 234 35 62 131 209 116 167 154 86 10 26 233 190 245 161 31 41 65 105 27 58 27 122 189 215 116 112 94 134 214 95 109 67 22 167 137 214 172 146 170 218 84 99 163 160 24 217 54 133 251 200 130 75 4 239 188 95 28 140 150 36 20 64 35 92 48 110 84 34 55 78 198 82 76 106 240 189 108 91 172 245 203 255 230 216 71 154 41 19 28 127 23 17 212 126 7 157 93 104 51]
[148 67 128 105 240 212 245 62 56 195 151 160 184 67 37 15 51 216 177 6 123 230 52 224 136 124 86 15 210 0 228 159 42 252 246 218 217 248 211 7 169 199 53 210 150 244 43 55 64 164 154 96 152 8 202 97 227 24 33 136 216 249 23 125 66 203 32 51 177 150 115 44 171 19 106 55 45 187 158 60 75 252 229 46 188 15 123 98 19 144 248 84 64 9 27 154 103 160 152 174 6 251 129 209 255 25 208 172 214 175 216 225 31 248 242 204 44 69 42 23 214 116 236 123 182 42 233 42 61 82 72 20 235 108 219 154 245 5 101 166 158 149 30 183 163 249 0 22 225 168 168 59 233 2 43 90 128 108 14 112 182 139 35 255 186 22 251 67 147 218 123 206 200 179 125 250 0 171 245 181 153 160 138 233 79 135 227 182 141 240 74 244 193 236 85 204 192 215 114 210 126 14 49 246 75 46 8 29 67 197 176 224 242 47 143 116 193 126 242 193 21 17 90 120 169 109 181 163 146 240 216 69 10 32 98 88 228 229 208 184 54 176 139 52 227 182 151 238 43 167 165 36 159 105 196 30]
Cleared contents of database.json
Cleared contents of zkdatabase.json
2024/05/30 23:41:48 Serving RPC server on port 1234
Client registered successfully  0
Client registered successfully  1
Client registered successfully  2
Client registered successfully  3
Client registered successfully  4
Client registered successfully  5
Client registered successfully  6
Client registered successfully  7
Client registered successfully  8
Client registered successfully  9
p:  2004
Found the group and subgroup primes.
Client reported successfully  0
Client secrete shared successfully  0
Client reported successfully  3
Client secrete shared successfully  3
Client reported successfully  9
Client secrete shared successfully  9
Client reported successfully  1
Client secrete shared successfully  1
Client reported successfully  4
Client secrete shared successfully  4
Client reported successfully  5
Client secrete shared successfully  5
Client reported successfully  6
Client secrete shared successfully  6
Client reported successfully  8
Client secrete shared successfully  8
Client reported successfully  2
Client secrete shared successfully  2
Client reported successfully  7
Client secrete shared successfully  7
state changed to shuffle
Client acquired the lock 4
ZK Proof for encryption is verified for client  4
First Test PASSED!!!!!!!!!Sum of fs is equal to sum of ts
Second Test PASSED!!!!!!!!!
Third Test concerning the cyphertext shuffling PASSED!!!!!!!!!
found this guys id  4
Fourth Test PASSED!!!!!!!!!
Fifth Test PASSED!!!!!!!!!
client released the lock 4
client shuffled successfully 4
Client acquired the lock 8
ZK Proof for encryption is verified for client  8
First Test PASSED!!!!!!!!!Sum of fs is equal to sum of ts
Second Test PASSED!!!!!!!!!
Third Test concerning the cyphertext shuffling PASSED!!!!!!!!!
found this guys id  8
Fourth Test PASSED!!!!!!!!!
Fifth Test PASSED!!!!!!!!!
client released the lock 8
client shuffled successfully 8
Client acquired the lock 9
ZK Proof for encryption is verified for client  9
First Test PASSED!!!!!!!!!Sum of fs is equal to sum of ts
Second Test PASSED!!!!!!!!!
Third Test concerning the cyphertext shuffling PASSED!!!!!!!!!
found this guys id  9
Fourth Test PASSED!!!!!!!!!
Fifth Test PASSED!!!!!!!!!
client released the lock 9
client shuffled successfully 9
Client acquired the lock 0
ZK Proof for encryption is verified for client  0
First Test PASSED!!!!!!!!!Sum of fs is equal to sum of ts
Second Test PASSED!!!!!!!!!
Third Test concerning the cyphertext shuffling PASSED!!!!!!!!!
found this guys id  0
Fourth Test PASSED!!!!!!!!!
Fifth Test PASSED!!!!!!!!!
client released the lock 0
client shuffled successfully 0
Client acquired the lock 5
ZK Proof for encryption is verified for client  5
First Test PASSED!!!!!!!!!Sum of fs is equal to sum of ts
Second Test PASSED!!!!!!!!!
Third Test concerning the cyphertext shuffling PASSED!!!!!!!!!
found this guys id  5
Fourth Test PASSED!!!!!!!!!
Fifth Test PASSED!!!!!!!!!
client released the lock 5
client shuffled successfully 5
Client acquired the lock 1
ZK Proof for encryption is verified for client  1
First Test PASSED!!!!!!!!!Sum of fs is equal to sum of ts
Second Test PASSED!!!!!!!!!
Third Test concerning the cyphertext shuffling PASSED!!!!!!!!!
found this guys id  1
Fourth Test PASSED!!!!!!!!!
Fifth Test PASSED!!!!!!!!!
client released the lock 1
client shuffled successfully 1
Client acquired the lock 3
ZK Proof for encryption is verified for client  3
First Test PASSED!!!!!!!!!Sum of fs is equal to sum of ts
Second Test PASSED!!!!!!!!!
Third Test concerning the cyphertext shuffling PASSED!!!!!!!!!
found this guys id  3
Fourth Test PASSED!!!!!!!!!
Fifth Test PASSED!!!!!!!!!
client released the lock 3
client shuffled successfully 3
Client acquired the lock 2
ZK Proof for encryption is verified for client  2
First Test PASSED!!!!!!!!!Sum of fs is equal to sum of ts
Second Test PASSED!!!!!!!!!
Third Test concerning the cyphertext shuffling PASSED!!!!!!!!!
found this guys id  2
Fourth Test PASSED!!!!!!!!!
Fifth Test PASSED!!!!!!!!!
client released the lock 2
client shuffled successfully 2
Client acquired the lock 7
ZK Proof for encryption is verified for client  7
First Test PASSED!!!!!!!!!Sum of fs is equal to sum of ts
Second Test PASSED!!!!!!!!!
Third Test concerning the cyphertext shuffling PASSED!!!!!!!!!
found this guys id  7
Fourth Test PASSED!!!!!!!!!
Fifth Test PASSED!!!!!!!!!
client released the lock 7
client shuffled successfully 7
Client acquired the lock 6
ZK Proof for encryption is verified for client  6
First Test PASSED!!!!!!!!!Sum of fs is equal to sum of ts
Second Test PASSED!!!!!!!!!
Third Test concerning the cyphertext shuffling PASSED!!!!!!!!!
found this guys id  6
Fourth Test PASSED!!!!!!!!!
Fifth Test PASSED!!!!!!!!!
client released the lock 6
client shuffled successfully 6
Fault Tolerant Kicking in
[45 238 224 205 46 29 115 239 220 212 198 93 33 124 165 42 116 219 55 255 170 72 214 192 248 170 152 204 180 115 170 253 32 69 208 162 223 31 253 209 216 3 166 6 146 229 162 255 6 120 142 245 75 157 210 202 85 149 114 97 130 202 34 156 15 156 2 204 56 105 70 193 20 238 181 15 158 126 102 236 197 59 10 116 85 68 216 200 43 155 139 238 164 93 119 33 186 61 70 185 12 125 152 108 210 187 65 99 255 43 233 8 209 114 12 46 47 252 235 164 33 11 93 19 145 156 195 245 45 6 24 240 78 155 105 48 159 205 13 251 250 3 205 82 215 112 99 193 111 152 182 52 46 231 110 150 118 215 165 35 0 84 253 158 36 254 221 142 89 92 172 51 8 156 90 48 37 100 171 201 128 103 5 25 122 216 135 34 223 229 152 229 246 111 10 180 252 155 153 34 45 53 177 88 180 141 227 111 158 183 157 244 219 195 196 126 213 187 95 150 170 191 19 9 24 74 71 73 70 251 111 51 22 196 178 81 3 249 197 3 78 159 147 30 154 108 63 0 17 133 11 67 219 44 190 101]
[153 30 139 196 150 130 83 235 233 60 93 213 84 164 232 91 92 67 60 139 142 180 102 46 103 118 5 118 181 27 37 137 224 243 238 127 220 64 234 47 144 74 230 239 192 6 157 210 38 214 160 68 161 227 38 25 2 253 88 74 44 59 199 243 139 55 214 48 192 38 21 130 246 211 175 236 88 33 154 197 35 182 123 173 22 208 237 208 77 235 102 109 7 203 56 247 94 115 200 117 110 70 51 212 223 204 208 221 34 50 192 232 100 107 33 195 154 83 130 179 242 225 196 151 3 75 84 231 56 144 180 248 80 149 200 117 194 117 124 20 69 195 30 176 137 169 74 249 31 45 163 142 181 22 82 46 188 44 8 39 66 3 234 135 237 167 172 64 34 207 65 88 115 255 91 52 44 5 119 50 99 99 94 87 63 128 204 229 0 128 234 52 11 251 203 245 12 202 34 227 40 117 224 20 217 78 139 183 150 67 244 181 24 120 198 18 52 4 141 118 79 244 86 166 48 16 78 110 243 167 46 148 128 120 155 156 33 236 77 75 118 11 234 174 155 219 137 37 127 113 170 220 148 31 19 59]
[176 79 107 3 64 193 211 212 244 4 28 169 134 241 139 105 151 193 246 133 233 216 14 200 51 215 34 216 166 144 52 86 231 190 118 179 67 139 36 176 44 52 108 37 94 17 143 242 65 32 96 46 26 222 56 76 72 168 40 17 249 217 185 128 65 161 105 175 64 179 159 79 132 87 25 199 148 237 40 142 74 143 129 196 2 96 117 180 85 153 189 159 137 107 73 204 6 42 178 156 78 34 190 106 254 148 85 126 32 128 239 52 173 238 20 67 198 51 166 189 39 45 193 32 227 175 133 155 105 106 125 66 244 186 141 239 53 10 168 29 147 230 152 73 175 184 20 141 109 111 41 185 226 79 25 44 177 50 194 158 152 224 15 255 111 238 119 81 46 21 3 123 128 68 223 183 41 197 123 116 48 7 140 125 152 40 103 17 154 157 130 58 44 27 40 117 90 138 19 226 127 81 161 254 95 199 159 218 45 179 84 167 218 73 180 34 198 36 88 216 112 14 193 38 103 55 27 213 126 172 192 58 24 8 46 28 4 45 0 217 16 219 86 180 201 75 128 124 76 253 233 71 229 49 147 131]
[141 211 116 210 18 210 140 204 213 170 243 213 219 36 169 220 241 52 13 48 131 102 253 29 164 166 200 210 98 4 192 195 221 31 105 250 31 226 72 69 252 185 28 159 199 148 248 108 216 141 175 165 83 111 191 149 200 13 57 196 229 37 131 230 221 195 85 247 177 64 24 10 23 74 29 81 32 219 234 220 219 165 23 134 19 146 118 141 228 171 234 39 185 42 137 11 25 34 111 168 85 72 242 90 175 163 110 173 230 5 115 226 119 140 29 56 30 122 51 140 156 185 209 53 70 121 234 166 151 151 86 135 72 31 167 87 87 132 107 72 255 122 22 51 201 144 157 130 209 175 173 191 97 62 174 119 21 165 146 40 6 192 254 129 133 85 165 28 188 12 17 173 84 223 69 197 141 138 186 205 100 244 167 42 22 195 215 213 75 15 6 195 183 247 70 227 107 75 211 87 150 152 115 23 174 30 84 144 248 135 152 213 17 88 14 182 152 122 226 23 24 89 131 141 80 194 18 113 85 109 78 107 13 239 107 135 176 91 25 177 58 128 248 203 168 198 143 8 19 116 65 54 238 154 103 180]
[68 146 122 42 192 5 14 134 154 222 59 47 88 4 175 116 123 96 245 172 183 141 15 229 253 99 235 1 39 105 65 245 196 96 223 121 70 247 212 180 153 144 16 104 16 200 42 250 142 123 241 138 15 67 182 26 178 220 68 206 98 176 192 38 146 124 225 58 101 2 140 104 149 169 143 16 129 182 17 212 155 161 76 97 118 112 126 161 207 10 61 117 155 215 229 70 122 201 150 124 49 63 7 94 23 101 169 246 127 181 87 144 208 220 54 230 17 204 139 33 82 248 104 54 55 92 27 195 53 118 5 49 108 160 21 144 77 68 4 251 247 65 232 149 54 138 22 91 133 163 140 216 35 81 173 204 211 17 43 122 38 63 8 106 119 42 118 194 50 164 17 240 94 72 136 122 188 108 8 58 16 189 184 41 156 108 5 127 136 109 163 196 195 231 106 13 188 53 233 166 255 242 151 101 199 131 95 250 144 116 154 24 171 22 131 73 192 150 45 133 90 255 229 96 70 42 4 249 39 33 68 100 169 239 115 138 76 248 7 229 71 30 32 151 75 51 8 61 198 157 121 242 68 12 16 90]
[203 118 36 61 172 217 142 25 193 155 74 91 40 88 142 192 216 79 142 161 180 203 236 25 143 25 172 137 115 93 220 95 149 28 1 117 85 39 27 21 131 181 166 144 103 169 117 233 86 211 27 43 34 91 198 14 152 210 188 18 124 68 92 43 81 54 45 93 62 123 135 168 110 24 31 192 54 141 189 12 160 87 129 212 136 86 85 136 244 26 247 210 3 161 20 234 223 26 157 151 212 87 26 43 199 68 140 2 1 89 39 58 143 135 143 130 115 135 119 4 25 94 93 91 202 219 48 122 161 253 61 117 134 167 247 94 153 116 38 149 222 191 211 0 220 59 36 193 1 34 221 237 137 254 184 103 77 73 22 193 215 249 121 57 61 168 119 136 233 112 125 169 210 227 194 124 59 45 160 190 168 244 211 150 121 22 217 124 175 118 20 203 208 207 35 226 228 45 0 169 163 96 164 44 179 38 199 242 240 33 116 6 173 82 65 214 57 52 3 91 112 151 222 42 141 132 102 161 76 9 224 6 88 247 206 213 68 144 132 143 178 193 109 198 173 179 32 140 42 119 175 0 148 25 20 79]
[153 144 140 171 69 38 191 167 129 36 197 103 141 103 214 76 32 219 196 84 92 16 132 238 32 53 82 97 81 18 191 83 225 174 177 197 130 55 77 100 58 163 135 102 85 191 77 209 199 247 246 107 235 154 111 218 30 219 173 54 211 174 127 62 74 211 96 193 172 189 197 117 160 245 186 21 144 98 39 153 239 165 127 35 95 21 155 49 221 130 234 132 145 43 169 175 238 114 118 118 5 52 117 127 180 128 40 235 175 160 164 132 229 231 203 8 174 166 133 152 97 18 118 197 58 9 163 172 80 129 9 17 215 180 230 250 171 44 202 149 9 169 127 15 134 137 177 25 195 187 239 82 205 107 17 61 227 94 87 166 213 134 33 3 177 249 251 165 95 35 45 94 228 109 133 49 238 102 219 197 235 32 7 242 179 124 49 246 220 127 81 179 252 80 173 125 6 239 220 71 93 249 35 97 82 122 197 207 115 11 167 45 172 22 140 223 120 112 88 48 32 160 148 124 182 47 230 234 121 139 213 199 233 178 118 51 9 239 252 82 84 83 154 128 147 77 182 9 89 156 49 239 242 13 135 164]
[138 252 177 33 106 73 182 50 117 226 73 209 120 134 0 192 118 18 224 186 118 159 76 163 121 188 14 243 244 153 141 13 53 230 93 2 162 146 79 250 118 95 55 73 135 141 180 49 69 232 61 156 38 161 125 21 30 62 125 31 4 164 91 56 82 33 22 6 106 120 213 231 67 8 156 1 4 217 154 170 177 174 168 160 118 43 243 62 204 229 92 109 80 55 195 236 91 82 243 56 87 210 200 246 30 5 116 36 107 8 255 98 223 232 199 135 81 11 39 200 23 40 251 127 143 69 112 98 108 130 82 234 18 47 254 219 123 79 143 77 139 255 198 148 35 105 241 16 68 113 117 41 127 65 49 231 156 160 31 204 114 96 193 19 20 105 155 170 195 87 234 187 47 210 143 182 144 76 223 248 201 95 228 238 222 186 42 152 122 192 201 39 62 109 43 178 158 168 3 31 10 198 206 213 131 39 31 222 50 236 178 83 226 102 150 235 231 116 19 91 49 154 56 234 215 134 106 49 155 88 13 146 37 166 88 176 105 208 239 85 203 225 219 111 222 5 192 189 128 138 118 71 135 50 254 209]
[187 191 167 77 168 176 198 27 186 170 153 195 73 179 116 208 194 64 240 244 150 13 98 220 71 104 149 47 38 156 74 184 188 69 185 35 134 223 84 104 224 96 56 163 60 45 217 32 222 192 223 139 182 204 125 16 236 246 48 74 105 248 123 150 12 158 249 131 59 247 42 242 134 116 3 252 17 180 23 98 157 145 39 198 156 26 170 25 17 171 97 4 17 192 171 78 165 28 8 47 29 133 55 204 246 227 2 2 248 97 45 10 144 228 108 30 77 159 179 245 169 201 16 129 254 142 203 96 189 190 255 114 222 88 145 98 203 197 246 214 129 19 105 224 30 135 198 243 211 130 15 167 212 166 217 177 39 136 99 86 3 106 239 57 92 144 225 90 70 10 240 101 1 124 230 95 156 235 233 91 247 127 88 180 178 105 40 176 29 95 174 178 14 23 245 236 123 99 117 146 162 160 98 203 81 148 40 196 34 94 82 31 140 80 26 32 68 186 224 96 29 155 199 139 13 159 100 26 172 228 82 166 83 79 73 67 121 12 188 31 137 183 93 173 203 223 31 85 63 155 75 85 123 98 191 29]
[79 145 55 83 241 83 240 60 186 98 42 3 53 4 236 84 20 189 69 214 101 44 218 196 18 201 146 27 127 206 59 89 126 123 130 122 103 85 186 189 60 254 169 133 113 49 168 205 170 131 66 198 238 34 105 153 12 151 33 96 32 57 96 152 97 184 80 102 165 24 101 177 251 229 85 77 120 229 239 206 72 123 235 196 198 170 179 46 173 136 167 223 129 226 50 16 28 76 119 152 231 16 53 194 217 222 95 103 206 130 30 206 205 27 156 196 89 170 236 128 79 138 135 44 29 199 12 28 56 21 52 145 148 232 133 184 166 11 234 157 217 200 9 89 202 106 202 73 70 205 191 2 33 96 169 74 212 15 246 161 13 224 170 83 184 239 129 245 46 26 36 234 223 108 172 82 65 96 4 250 181 169 124 216 76 251 216 79 148 95 31 180 17 123 32 115 97 136 137 17 253 108 172 66 127 251 3 240 72 18 29 112 109 171 225 252 233 251 170 106 60 90 121 234 43 23 171 73 43 215 161 150 155 136 129 3 45 150 65 15 154 199 108 142 83 161 147 202 205 108 32 170 116 198 219 246]
